2026-05-20 18:33:42, Error                        0x80070002 in PushButtonReset::RegKey::HasValue (base\reset\util\src\registry.cpp:187): Failed to load subkey at [Microsoft\Windows\Signature][gle=0x00000002]
2026-05-20 18:33:42, Error                        0x80070002 in PbrGetRestoreToBaselineVal (base\reset\engine\scenario\src\sensetargetos.cpp:67): Does not find registry key of PushButtonReset[gle=0x00000002]
2026-05-20 18:33:42, Error                        0x80070002 in PbrGetEnablePreviewBuilds (base\reset\engine\scenario\src\sensetargetos.cpp:894): Unable to get the EnablePreviewBuilds value from the registry[gle=0x00000002]
2026-05-20 18:35:34, Error                        pGetUninstallInterfaceCommon: Failed loading the setupplatform, hr = 0x80070490[gle=0x00000003]
2026-05-20 18:35:34, Error                        0x80070002 in PbrGetWebAPISelection (base\reset\engine\cloud\src\webapiconnection.cpp:135): Failed to open registry key of PushButtonReset
2026-05-20 18:37:27, Error                        CDeploymentSession::IsRangeRequestSupported(5199): Result = 0x80040154
2026-05-20 18:37:27, Error                        IsRangeRequestSupported failed with: [80040154 [Error,Facility=FACILITY_ITF,Code=340 (0x0154)]]. Setting RangeRequestSupported to FALSE
2026-05-20 18:37:28, Error                        0x800703ed in PushButtonReset::Path::SameVolume (base\reset\util\src\filesystem.cpp:774): Failed to look up volume GUID for [\\?\GLOBALROOT\device\harddisk0\partition2\][gle=0x000003ed]
2026-05-20 18:37:28, Error                        0x80070002 in PushButtonReset::WimArchive::Open (base\reset\util\src\wim.cpp:239): Failed to open WIM archive [C:\$SysReset\CloudImage\core_en-us.esd][gle=0x00000002]
2026-05-20 18:37:28, Error                        ProvPackageAPI: Element::GetMetadata (onecore\base\ntsetup\provpackageapi\lib\element.cpp:275) - 0x80070490:
2026-05-20 18:37:28, Error                        ProvPackageAPI:     Failed to get element metadata
2026-05-20 18:37:28, Error                        ProvPackageAPI: Element::GetMetadata (onecore\base\ntsetup\provpackageapi\lib\element.cpp:275) - 0x80070490:
2026-05-20 18:37:28, Error                        ProvPackageAPI:     Failed to get element metadata
2026-05-20 18:46:54, Error                        CDeploymentSession::IsRangeRequestSupported(5199): Result = 0x80040154
2026-05-20 19:04:24, Error                        0x80070003 in PushButtonReset::File::GetSize (base\reset\util\src\filesystem.cpp:2873): Failed to get find data for [C:\$SysReset\CloudImage\Package_for_RollupFix~~amd64~~26100.8457.1.17\amd64_microsoft-windows-fileexplorer.appxmain_31bf3856ad364e35_10.0.26100.8457_none_05317e3fad6d9d13\f\squaretile44x44.targetsize-256_altform-unplated_contrast-black_devicefamily-colorfulunplated.png][gle=0x00000003]
2026-05-20 19:04:24, Error                        0x80070003 in PushButtonReset::Directory::GetSize (base\reset\util\src\filesystem.cpp:1652): Failed to get size of [squaretile44x44.targetsize-256_altform-unplated_contrast-black_devicefamily-colorfulunplated.png] below [C:\$SysReset\CloudImage\Package_for_RollupFix~~amd64~~26100.8457.1.17\amd64_microsoft-windows-fileexplorer.appxmain_31bf3856ad364e35_10.0.26100.8457_none_05317e3fad6d9d13\f][gle=0x00000003]
2026-05-20 19:04:24, Error                        0x80070003 in PushButtonReset::Directory::GetSize (base\reset\util\src\filesystem.cpp:1629): Failed to get size of [f] below [C:\$SysReset\CloudImage\Package_for_RollupFix~~amd64~~26100.8457.1.17\amd64_microsoft-windows-fileexplorer.appxmain_31bf3856ad364e35_10.0.26100.8457_none_05317e3fad6d9d13][gle=0x00000003]
2026-05-20 19:04:24, Error                        0x80070003 in PushButtonReset::Directory::GetSize (base\reset\util\src\filesystem.cpp:1629): Failed to get size of [amd64_microsoft-windows-fileexplorer.appxmain_31bf3856ad364e35_10.0.26100.8457_none_05317e3fad6d9d13] below [C:\$SysReset\CloudImage\Package_for_RollupFix~~amd64~~26100.8457.1.17][gle=0x00000003]
2026-05-20 19:04:24, Error                        0x80070003 in PushButtonReset::Directory::GetSize (base\reset\util\src\filesystem.cpp:1629): Failed to get size of [Package_for_RollupFix~~amd64~~26100.8457.1.17] below [C:\$SysReset\CloudImage][gle=0x00000003]
2026-05-20 19:04:25, Error                        0x800703ed in PushButtonReset::Path::SameVolume (base\reset\util\src\filesystem.cpp:774): Failed to look up volume GUID for [\\?\GLOBALROOT\device\harddisk0\partition2\][gle=0x000003ed]
2026-05-20 19:04:25, Error                        0x800703ed in PushButtonReset::Path::SameVolume (base\reset\util\src\filesystem.cpp:774): Failed to look up volume GUID for [\\?\GLOBALROOT\device\harddisk0\partition2\][gle=0x000003ed]
2026-05-20 19:04:25, Error                        0x800703ed in PushButtonReset::Path::SameVolume (base\reset\util\src\filesystem.cpp:774): Failed to look up volume GUID for [\\?\GLOBALROOT\device\harddisk0\partition2\][gle=0x000003ed]
2026-05-20 19:04:25, Error                        0x800703ed in PushButtonReset::Path::SameVolume (base\reset\util\src\filesystem.cpp:774): Failed to look up volume GUID for [\\?\GLOBALROOT\device\harddisk0\partition2\][gle=0x000003ed]
2026-05-20 19:04:25, Error                        0x800703ed in PushButtonReset::Path::SameVolume (base\reset\util\src\filesystem.cpp:774): Failed to look up volume GUID for [\\?\GLOBALROOT\device\harddisk0\partition2\][gle=0x000003ed]
2026-05-20 19:04:25, Error                        0x800703ed in PushButtonReset::Path::SameVolume (base\reset\util\src\filesystem.cpp:774): Failed to look up volume GUID for [\\?\GLOBALROOT\device\harddisk0\partition2\][gle=0x000003ed]
2026-05-20 19:04:25, Error                        0x800703ed in PushButtonReset::Path::SameVolume (base\reset\util\src\filesystem.cpp:774): Failed to look up volume GUID for [\\?\GLOBALROOT\device\harddisk0\partition2\][gle=0x000003ed]
2026-05-20 19:04:25, Error                        0x800703ed in PushButtonReset::Path::SameVolume (base\reset\util\src\filesystem.cpp:774): Failed to look up volume GUID for [\\?\GLOBALROOT\device\harddisk0\partition2\][gle=0x000003ed]
2026-05-20 19:04:25, Error                        0x800703ed in PushButtonReset::Path::SameVolume (base\reset\util\src\filesystem.cpp:774): Failed to look up volume GUID for [\\?\GLOBALROOT\device\harddisk0\partition2\][gle=0x000003ed]
2026-05-20 19:04:25, Error                        0x800703ed in PushButtonReset::Path::SameVolume (base\reset\util\src\filesystem.cpp:774): Failed to look up volume GUID for [\\?\GLOBALROOT\device\harddisk0\partition2\][gle=0x000003ed]
2026-05-20 19:04:25, Error                        0x800703ed in PushButtonReset::Path::SameVolume (base\reset\util\src\filesystem.cpp:774): Failed to look up volume GUID for [\\?\GLOBALROOT\device\harddisk0\partition2\][gle=0x000003ed]
2026-05-20 19:04:25, Error                        0x800703ed in PushButtonReset::Path::SameVolume (base\reset\util\src\filesystem.cpp:774): Failed to look up volume GUID for [\\?\GLOBALROOT\device\harddisk0\partition2\][gle=0x000003ed]
2026-05-20 19:04:25, Error                        0x800703ed in PushButtonReset::Path::SameVolume (base\reset\util\src\filesystem.cpp:774): Failed to look up volume GUID for [\\?\GLOBALROOT\device\harddisk0\partition2\][gle=0x000003ed]
2026-05-20 19:04:25, Error                        0x800703ed in PushButtonReset::Path::SameVolume (base\reset\util\src\filesystem.cpp:774): Failed to look up volume GUID for [\\?\GLOBALROOT\device\harddisk0\partition2\][gle=0x000003ed]
2026-05-20 19:04:25, Error                        0x800703ed in PushButtonReset::Path::SameVolume (base\reset\util\src\filesystem.cpp:774): Failed to look up volume GUID for [\\?\GLOBALROOT\device\harddisk0\partition2\][gle=0x000003ed]
2026-05-20 19:04:25, Error                        0x800703ed in PushButtonReset::Path::SameVolume (base\reset\util\src\filesystem.cpp:774): Failed to look up volume GUID for [\\?\GLOBALROOT\device\harddisk0\partition2\][gle=0x000003ed]
2026-05-20 19:04:25, Error                        0x800703ed in PushButtonReset::Path::SameVolume (base\reset\util\src\filesystem.cpp:774): Failed to look up volume GUID for [\\?\GLOBALROOT\device\harddisk0\partition2\][gle=0x000003ed]
2026-05-20 19:04:25, Error                        0x800703ed in PushButtonReset::Path::SameVolume (base\reset\util\src\filesystem.cpp:774): Failed to look up volume GUID for [\\?\GLOBALROOT\device\harddisk0\partition2\][gle=0x000003ed]
2026-05-20 19:04:25, Error                        0x800703ed in PushButtonReset::Path::SameVolume (base\reset\util\src\filesystem.cpp:774): Failed to look up volume GUID for [\\?\GLOBALROOT\device\harddisk0\partition2\][gle=0x000003ed]
2026-05-20 19:04:25, Error                        0x800703ed in PushButtonReset::Path::SameVolume (base\reset\util\src\filesystem.cpp:774): Failed to look up volume GUID for [\\?\GLOBALROOT\device\harddisk0\partition2\][gle=0x000003ed]
2026-05-20 19:04:25, Error                        0x800703ed in PushButtonReset::Path::SameVolume (base\reset\util\src\filesystem.cpp:774): Failed to look up volume GUID for [\\?\GLOBALROOT\device\harddisk0\partition2\][gle=0x000003ed]
2026-05-20 19:04:25, Error                        0x800703ed in PushButtonReset::Path::SameVolume (base\reset\util\src\filesystem.cpp:774): Failed to look up volume GUID for [\\?\GLOBALROOT\device\harddisk0\partition2\][gle=0x000003ed]
2026-05-20 19:04:25, Error                        0x800703ed in PushButtonReset::Path::SameVolume (base\reset\util\src\filesystem.cpp:774): Failed to look up volume GUID for [\\?\GLOBALROOT\device\harddisk0\partition2\][gle=0x000003ed]
2026-05-20 19:04:25, Error                        0x800703ed in PushButtonReset::Path::SameVolume (base\reset\util\src\filesystem.cpp:774): Failed to look up volume GUID for [\\?\GLOBALROOT\device\harddisk0\partition2\][gle=0x000003ed]
2026-05-20 19:04:25, Error                        0x800703ed in PushButtonReset::Path::SameVolume (base\reset\util\src\filesystem.cpp:774): Failed to look up volume GUID for [\\?\GLOBALROOT\device\harddisk0\partition2\][gle=0x000003ed]
2026-05-20 19:04:25, Error                        0x800703ed in PushButtonReset::Path::SameVolume (base\reset\util\src\filesystem.cpp:774): Failed to look up volume GUID for [\\?\GLOBALROOT\device\harddisk0\partition2\][gle=0x000003ed]
2026-05-20 19:04:25, Error                        0x800703ed in PushButtonReset::Path::SameVolume (base\reset\util\src\filesystem.cpp:774): Failed to look up volume GUID for [\\?\GLOBALROOT\device\harddisk0\partition2\][gle=0x000003ed]
2026-05-20 19:04:25, Error                        0x800703ed in PushButtonReset::Path::SameVolume (base\reset\util\src\filesystem.cpp:774): Failed to look up volume GUID for [\\?\GLOBALROOT\device\harddisk0\partition2\][gle=0x000003ed]
2026-05-20 19:04:25, Error                        0x800703ed in PushButtonReset::Path::SameVolume (base\reset\util\src\filesystem.cpp:774): Failed to look up volume GUID for [\\?\GLOBALROOT\device\harddisk0\partition2\][gle=0x000003ed]
2026-05-20 19:04:25, Error                        0x800703ed in PushButtonReset::Path::SameVolume (base\reset\util\src\filesystem.cpp:774): Failed to look up volume GUID for [\\?\GLOBALROOT\device\harddisk0\partition2\][gle=0x000003ed]
2026-05-20 19:04:25, Error                        0x800703ed in PushButtonReset::Path::SameVolume (base\reset\util\src\filesystem.cpp:774): Failed to look up volume GUID for [\\?\GLOBALROOT\device\harddisk0\partition2\][gle=0x000003ed]
2026-05-20 19:04:25, Error                        0x800703ed in PushButtonReset::Path::SameVolume (base\reset\util\src\filesystem.cpp:774): Failed to look up volume GUID for [\\?\GLOBALROOT\device\harddisk0\partition2\][gle=0x000003ed]
2026-05-20 19:04:25, Error                        0x800703ed in PushButtonReset::Path::SameVolume (base\reset\util\src\filesystem.cpp:774): Failed to look up volume GUID for [\\?\GLOBALROOT\device\harddisk0\partition2\][gle=0x000003ed]
2026-05-20 19:04:25, Error                        0x800703ed in PushButtonReset::Path::SameVolume (base\reset\util\src\filesystem.cpp:774): Failed to look up volume GUID for [\\?\GLOBALROOT\device\harddisk0\partition2\][gle=0x000003ed]
2026-05-20 19:04:25, Error                        0x800703ed in PushButtonReset::Path::SameVolume (base\reset\util\src\filesystem.cpp:774): Failed to look up volume GUID for [\\?\GLOBALROOT\device\harddisk0\partition2\][gle=0x000003ed]
2026-05-20 19:04:25, Error                        0x800703ed in PushButtonReset::Path::SameVolume (base\reset\util\src\filesystem.cpp:774): Failed to look up volume GUID for [\\?\GLOBALROOT\device\harddisk0\partition2\][gle=0x000003ed]
2026-05-20 19:04:25, Error                        0x800703ed in PushButtonReset::Path::SameVolume (base\reset\util\src\filesystem.cpp:774): Failed to look up volume GUID for [\\?\GLOBALROOT\device\harddisk0\partition2\][gle=0x000003ed]
2026-05-20 19:04:25, Error                        0x800703ed in PushButtonReset::Path::SameVolume (base\reset\util\src\filesystem.cpp:774): Failed to look up volume GUID for [\\?\GLOBALROOT\device\harddisk0\partition2\][gle=0x000003ed]
2026-05-20 19:04:25, Error                        0x800703ed in PushButtonReset::Path::SameVolume (base\reset\util\src\filesystem.cpp:774): Failed to look up volume GUID for [\\?\GLOBALROOT\device\harddisk0\partition2\][gle=0x000003ed]
2026-05-20 19:04:25, Error                        0x800703ed in PushButtonReset::Path::SameVolume (base\reset\util\src\filesystem.cpp:774): Failed to look up volume GUID for [\\?\GLOBALROOT\device\harddisk0\partition2\][gle=0x000003ed]
2026-05-20 19:04:26, Error                        0x800703ed in PushButtonReset::Path::SameVolume (base\reset\util\src\filesystem.cpp:774): Failed to look up volume GUID for [\\?\GLOBALROOT\device\harddisk0\partition2\][gle=0x000003ed]
2026-05-20 19:04:26, Error                        0x800703ed in PushButtonReset::Path::SameVolume (base\reset\util\src\filesystem.cpp:774): Failed to look up volume GUID for [\\?\GLOBALROOT\device\harddisk0\partition2\][gle=0x000003ed]
2026-05-20 19:04:26, Error                        0x800703ed in PushButtonReset::Path::SameVolume (base\reset\util\src\filesystem.cpp:774): Failed to look up volume GUID for [\\?\GLOBALROOT\device\harddisk0\partition2\][gle=0x000003ed]
2026-05-20 19:04:26, Error                        0x800703ed in PushButtonReset::Path::SameVolume (base\reset\util\src\filesystem.cpp:774): Failed to look up volume GUID for [\\?\GLOBALROOT\device\harddisk0\partition2\][gle=0x000003ed]
2026-05-20 19:04:26, Error                        0x800703ed in PushButtonReset::Path::SameVolume (base\reset\util\src\filesystem.cpp:774): Failed to look up volume GUID for [\\?\GLOBALROOT\device\harddisk0\partition2\][gle=0x000003ed]
2026-05-20 19:04:26, Error                        0x800703ed in PushButtonReset::Path::SameVolume (base\reset\util\src\filesystem.cpp:774): Failed to look up volume GUID for [\\?\GLOBALROOT\device\harddisk0\partition2\][gle=0x000003ed]
2026-05-20 19:04:26, Error                        0x800703ed in PushButtonReset::Path::SameVolume (base\reset\util\src\filesystem.cpp:774): Failed to look up volume GUID for [\\?\GLOBALROOT\device\harddisk0\partition2\][gle=0x000003ed]
2026-05-20 19:04:26, Error                        0x800703ed in PushButtonReset::Path::SameVolume (base\reset\util\src\filesystem.cpp:774): Failed to look up volume GUID for [\\?\GLOBALROOT\device\harddisk0\partition2\][gle=0x000003ed]
2026-05-20 19:04:26, Error                        0x800703ed in PushButtonReset::Path::SameVolume (base\reset\util\src\filesystem.cpp:774): Failed to look up volume GUID for [\\?\GLOBALROOT\device\harddisk0\partition2\][gle=0x000003ed]
2026-05-20 19:04:26, Error                        0x800703ed in PushButtonReset::Path::SameVolume (base\reset\util\src\filesystem.cpp:774): Failed to look up volume GUID for [\\?\GLOBALROOT\device\harddisk0\partition2\][gle=0x000003ed]
2026-05-20 19:04:26, Error                        0x800703ed in PushButtonReset::Path::SameVolume (base\reset\util\src\filesystem.cpp:774): Failed to look up volume GUID for [\\?\GLOBALROOT\device\harddisk0\partition2\][gle=0x000003ed]
2026-05-20 19:04:26, Error                        0x800703ed in PushButtonReset::Path::SameVolume (base\reset\util\src\filesystem.cpp:774): Failed to look up volume GUID for [\\?\GLOBALROOT\device\harddisk0\partition2\][gle=0x000003ed]
2026-05-20 19:04:26, Error                        0x800703ed in PushButtonReset::Path::SameVolume (base\reset\util\src\filesystem.cpp:774): Failed to look up volume GUID for [\\?\GLOBALROOT\device\harddisk0\partition2\][gle=0x000003ed]
2026-05-20 19:04:26, Error                        0x800703ed in PushButtonReset::Path::SameVolume (base\reset\util\src\filesystem.cpp:774): Failed to look up volume GUID for [\\?\GLOBALROOT\device\harddisk0\partition2\][gle=0x000003ed]
2026-05-20 19:04:26, Error                        0x800703ed in PushButtonReset::Path::SameVolume (base\reset\util\src\filesystem.cpp:774): Failed to look up volume GUID for [\\?\GLOBALROOT\device\harddisk0\partition2\][gle=0x000003ed]
2026-05-20 19:04:26, Error                        0x800703ed in PushButtonReset::Path::SameVolume (base\reset\util\src\filesystem.cpp:774): Failed to look up volume GUID for [\\?\GLOBALROOT\device\harddisk0\partition2\][gle=0x000003ed]
2026-05-20 19:04:26, Error                        0x800703ed in PushButtonReset::Path::SameVolume (base\reset\util\src\filesystem.cpp:774): Failed to look up volume GUID for [\\?\GLOBALROOT\device\harddisk0\partition2\][gle=0x000003ed]
2026-05-20 19:04:26, Error                        0x800703ed in PushButtonReset::Path::SameVolume (base\reset\util\src\filesystem.cpp:774): Failed to look up volume GUID for [\\?\GLOBALROOT\device\harddisk0\partition2\][gle=0x000003ed]
2026-05-20 19:04:26, Error                        0x800703ed in PushButtonReset::Path::SameVolume (base\reset\util\src\filesystem.cpp:774): Failed to look up volume GUID for [\\?\GLOBALROOT\device\harddisk0\partition2\][gle=0x000003ed]
2026-05-20 19:04:26, Error                        0x800703ed in PushButtonReset::Path::SameVolume (base\reset\util\src\filesystem.cpp:774): Failed to look up volume GUID for [\\?\GLOBALROOT\device\harddisk0\partition2\][gle=0x000003ed]
2026-05-20 19:04:26, Error                        0x800703ed in PushButtonReset::Path::SameVolume (base\reset\util\src\filesystem.cpp:774): Failed to look up volume GUID for [\\?\GLOBALROOT\device\harddisk0\partition2\][gle=0x000003ed]
2026-05-20 19:04:26, Error                        0x800703ed in PushButtonReset::Path::SameVolume (base\reset\util\src\filesystem.cpp:774): Failed to look up volume GUID for [\\?\GLOBALROOT\device\harddisk0\partition2\][gle=0x000003ed]
2026-05-20 19:04:26, Error                        0x800703ed in PushButtonReset::Path::SameVolume (base\reset\util\src\filesystem.cpp:774): Failed to look up volume GUID for [\\?\GLOBALROOT\device\harddisk0\partition2\][gle=0x000003ed]
2026-05-20 19:04:26, Error                        0x800703ed in PushButtonReset::Path::SameVolume (base\reset\util\src\filesystem.cpp:774): Failed to look up volume GUID for [\\?\GLOBALROOT\device\harddisk0\partition2\][gle=0x000003ed]
2026-05-20 19:04:26, Error                        0x800703ed in PushButtonReset::Path::SameVolume (base\reset\util\src\filesystem.cpp:774): Failed to look up volume GUID for [\\?\GLOBALROOT\device\harddisk0\partition2\][gle=0x000003ed]
2026-05-20 19:04:26, Error                        0x800703ed in PushButtonReset::Path::SameVolume (base\reset\util\src\filesystem.cpp:774): Failed to look up volume GUID for [\\?\GLOBALROOT\device\harddisk0\partition2\][gle=0x000003ed]
2026-05-20 19:04:26, Error                        0x800703ed in PushButtonReset::Path::SameVolume (base\reset\util\src\filesystem.cpp:774): Failed to look up volume GUID for [\\?\GLOBALROOT\device\harddisk0\partition2\][gle=0x000003ed]
2026-05-20 19:04:26, Error                        0x800703ed in PushButtonReset::Path::SameVolume (base\reset\util\src\filesystem.cpp:774): Failed to look up volume GUID for [\\?\GLOBALROOT\device\harddisk0\partition2\][gle=0x000003ed]
2026-05-20 19:04:26, Error                        0x800703ed in PushButtonReset::Path::SameVolume (base\reset\util\src\filesystem.cpp:774): Failed to look up volume GUID for [\\?\GLOBALROOT\device\harddisk0\partition2\][gle=0x000003ed]
2026-05-20 19:04:26, Error                        0x800703ed in PushButtonReset::Path::SameVolume (base\reset\util\src\filesystem.cpp:774): Failed to look up volume GUID for [\\?\GLOBALROOT\device\harddisk0\partition2\][gle=0x000003ed]
2026-05-20 19:04:26, Error                        0x800703ed in PushButtonReset::Path::SameVolume (base\reset\util\src\filesystem.cpp:774): Failed to look up volume GUID for [\\?\GLOBALROOT\device\harddisk0\partition2\][gle=0x000003ed]
2026-05-20 19:04:26, Error                        0x800703ed in PushButtonReset::Path::SameVolume (base\reset\util\src\filesystem.cpp:774): Failed to look up volume GUID for [\\?\GLOBALROOT\device\harddisk0\partition2\][gle=0x000003ed]
2026-05-20 19:04:26, Error                        0x800703ed in PushButtonReset::Path::SameVolume (base\reset\util\src\filesystem.cpp:774): Failed to look up volume GUID for [\\?\GLOBALROOT\device\harddisk0\partition2\][gle=0x000003ed]
2026-05-20 19:04:26, Error                        0x800703ed in PushButtonReset::Path::SameVolume (base\reset\util\src\filesystem.cpp:774): Failed to look up volume GUID for [\\?\GLOBALROOT\device\harddisk0\partition2\][gle=0x000003ed]
2026-05-20 19:04:26, Error                        0x800703ed in PushButtonReset::Path::SameVolume (base\reset\util\src\filesystem.cpp:774): Failed to look up volume GUID for [\\?\GLOBALROOT\device\harddisk0\partition2\][gle=0x000003ed]
2026-05-20 19:04:26, Error                        0x800703ed in PushButtonReset::Path::SameVolume (base\reset\util\src\filesystem.cpp:774): Failed to look up volume GUID for [\\?\GLOBALROOT\device\harddisk0\partition2\][gle=0x000003ed]
2026-05-20 19:04:26, Error                        0x800703ed in PushButtonReset::Path::SameVolume (base\reset\util\src\filesystem.cpp:774): Failed to look up volume GUID for [\\?\GLOBALROOT\device\harddisk0\partition2\][gle=0x000003ed]
2026-05-20 19:04:26, Error                        0x800703ed in PushButtonReset::Path::SameVolume (base\reset\util\src\filesystem.cpp:774): Failed to look up volume GUID for [\\?\GLOBALROOT\device\harddisk0\partition2\][gle=0x000003ed]
2026-05-20 19:04:26, Error                        0x800703ed in PushButtonReset::Path::SameVolume (base\reset\util\src\filesystem.cpp:774): Failed to look up volume GUID for [\\?\GLOBALROOT\device\harddisk0\partition2\][gle=0x000003ed]
2026-05-20 19:04:26, Error                        0x800703ed in PushButtonReset::Path::SameVolume (base\reset\util\src\filesystem.cpp:774): Failed to look up volume GUID for [\\?\GLOBALROOT\device\harddisk0\partition2\][gle=0x000003ed]
2026-05-20 19:04:26, Error                        0x800703ed in PushButtonReset::Path::SameVolume (base\reset\util\src\filesystem.cpp:774): Failed to look up volume GUID for [\\?\GLOBALROOT\device\harddisk0\partition2\][gle=0x000003ed]
2026-05-20 19:04:26, Error                        0x800703ed in PushButtonReset::Path::SameVolume (base\reset\util\src\filesystem.cpp:774): Failed to look up volume GUID for [\\?\GLOBALROOT\device\harddisk0\partition2\][gle=0x000003ed]
2026-05-20 19:04:26, Error                        0x800703ed in PushButtonReset::Path::SameVolume (base\reset\util\src\filesystem.cpp:774): Failed to look up volume GUID for [\\?\GLOBALROOT\device\harddisk0\partition2\][gle=0x000003ed]
2026-05-20 19:04:26, Error                        0x800703ed in PushButtonReset::Path::SameVolume (base\reset\util\src\filesystem.cpp:774): Failed to look up volume GUID for [\\?\GLOBALROOT\device\harddisk0\partition2\][gle=0x000003ed]
2026-05-20 19:04:27, Error                        0x800703ed in PushButtonReset::Path::SameVolume (base\reset\util\src\filesystem.cpp:774): Failed to look up volume GUID for [\\?\GLOBALROOT\device\harddisk0\partition2\][gle=0x000003ed]
2026-05-20 19:04:27, Error                        0x800703ed in PushButtonReset::Path::SameVolume (base\reset\util\src\filesystem.cpp:774): Failed to look up volume GUID for [\\?\GLOBALROOT\device\harddisk0\partition2\][gle=0x000003ed]
2026-05-20 19:04:27, Error                        0x800703ed in PushButtonReset::Path::SameVolume (base\reset\util\src\filesystem.cpp:774): Failed to look up volume GUID for [\\?\GLOBALROOT\device\harddisk0\partition2\][gle=0x000003ed]
2026-05-20 19:04:27, Error                        0x800703ed in PushButtonReset::Path::SameVolume (base\reset\util\src\filesystem.cpp:774): Failed to look up volume GUID for [\\?\GLOBALROOT\device\harddisk0\partition2\][gle=0x000003ed]
2026-05-20 19:04:27, Error                        0x800703ed in PushButtonReset::Path::SameVolume (base\reset\util\src\filesystem.cpp:774): Failed to look up volume GUID for [\\?\GLOBALROOT\device\harddisk0\partition2\][gle=0x000003ed]
2026-05-20 19:04:27, Error                        0x800703ed in PushButtonReset::Path::SameVolume (base\reset\util\src\filesystem.cpp:774): Failed to look up volume GUID for [\\?\GLOBALROOT\device\harddisk0\partition2\][gle=0x000003ed]
2026-05-20 19:04:27, Error                        0x800703ed in PushButtonReset::Path::SameVolume (base\reset\util\src\filesystem.cpp:774): Failed to look up volume GUID for [\\?\GLOBALROOT\device\harddisk0\partition2\][gle=0x000003ed]
2026-05-20 19:04:27, Error                        0x800703ed in PushButtonReset::Path::SameVolume (base\reset\util\src\filesystem.cpp:774): Failed to look up volume GUID for [\\?\GLOBALROOT\device\harddisk0\partition2\][gle=0x000003ed]
2026-05-20 19:04:27, Error                        0x800703ed in PushButtonReset::Path::SameVolume (base\reset\util\src\filesystem.cpp:774): Failed to look up volume GUID for [\\?\GLOBALROOT\device\harddisk0\partition2\][gle=0x000003ed]
2026-05-20 19:04:27, Error                        0x800703ed in PushButtonReset::Path::SameVolume (base\reset\util\src\filesystem.cpp:774): Failed to look up volume GUID for [\\?\GLOBALROOT\device\harddisk0\partition2\][gle=0x000003ed]
2026-05-20 19:04:27, Error                        0x800703ed in PushButtonReset::Path::SameVolume (base\reset\util\src\filesystem.cpp:774): Failed to look up volume GUID for [\\?\GLOBALROOT\device\harddisk0\partition2\][gle=0x000003ed]
2026-05-20 19:04:27, Error                        0x800703ed in PushButtonReset::Path::SameVolume (base\reset\util\src\filesystem.cpp:774): Failed to look up volume GUID for [\\?\GLOBALROOT\device\harddisk0\partition2\][gle=0x000003ed]
2026-05-20 19:04:27, Error                        0x800703ed in PushButtonReset::Path::SameVolume (base\reset\util\src\filesystem.cpp:774): Failed to look up volume GUID for [\\?\GLOBALROOT\device\harddisk0\partition2\][gle=0x000003ed]
2026-05-20 19:04:27, Error                        0x800703ed in PushButtonReset::Path::SameVolume (base\reset\util\src\filesystem.cpp:774): Failed to look up volume GUID for [\\?\GLOBALROOT\device\harddisk0\partition2\][gle=0x000003ed]
2026-05-20 19:04:27, Error                        0x800703ed in PushButtonReset::Path::SameVolume (base\reset\util\src\filesystem.cpp:774): Failed to look up volume GUID for [\\?\GLOBALROOT\device\harddisk0\partition2\][gle=0x000003ed]
2026-05-20 19:04:27, Error                        0x800703ed in PushButtonReset::Path::SameVolume (base\reset\util\src\filesystem.cpp:774): Failed to look up volume GUID for [\\?\GLOBALROOT\device\harddisk0\partition2\][gle=0x000003ed]
2026-05-20 19:04:27, Error                        0x800703ed in PushButtonReset::Path::SameVolume (base\reset\util\src\filesystem.cpp:774): Failed to look up volume GUID for [\\?\GLOBALROOT\device\harddisk0\partition2\][gle=0x000003ed]
2026-05-20 19:04:27, Error                        0x800703ed in PushButtonReset::Path::SameVolume (base\reset\util\src\filesystem.cpp:774): Failed to look up volume GUID for [\\?\GLOBALROOT\device\harddisk0\partition2\][gle=0x000003ed]
2026-05-20 19:04:27, Error                        0x800703ed in PushButtonReset::Path::SameVolume (base\reset\util\src\filesystem.cpp:774): Failed to look up volume GUID for [\\?\GLOBALROOT\device\harddisk0\partition2\][gle=0x000003ed]
2026-05-20 19:04:27, Error                        0x800703ed in PushButtonReset::Path::SameVolume (base\reset\util\src\filesystem.cpp:774): Failed to look up volume GUID for [\\?\GLOBALROOT\device\harddisk0\partition2\][gle=0x000003ed]
2026-05-20 19:04:27, Error                        0x800703ed in PushButtonReset::Path::SameVolume (base\reset\util\src\filesystem.cpp:774): Failed to look up volume GUID for [\\?\GLOBALROOT\device\harddisk0\partition2\][gle=0x000003ed]
2026-05-20 19:04:27, Error                        0x800703ed in PushButtonReset::Path::SameVolume (base\reset\util\src\filesystem.cpp:774): Failed to look up volume GUID for [\\?\GLOBALROOT\device\harddisk0\partition2\][gle=0x000003ed]
2026-05-20 19:04:27, Error                        0x800703ed in PushButtonReset::Path::SameVolume (base\reset\util\src\filesystem.cpp:774): Failed to look up volume GUID for [\\?\GLOBALROOT\device\harddisk0\partition2\][gle=0x000003ed]
2026-05-20 19:04:27, Error                        0x800703ed in PushButtonReset::Path::SameVolume (base\reset\util\src\filesystem.cpp:774): Failed to look up volume GUID for [\\?\GLOBALROOT\device\harddisk0\partition2\][gle=0x000003ed]
2026-05-20 19:04:27, Error                        0x800703ed in PushButtonReset::Path::SameVolume (base\reset\util\src\filesystem.cpp:774): Failed to look up volume GUID for [\\?\GLOBALROOT\device\harddisk0\partition2\][gle=0x000003ed]
2026-05-20 19:04:27, Error                        0x800703ed in PushButtonReset::Path::SameVolume (base\reset\util\src\filesystem.cpp:774): Failed to look up volume GUID for [\\?\GLOBALROOT\device\harddisk0\partition2\][gle=0x000003ed]
2026-05-20 19:04:27, Error                        0x800703ed in PushButtonReset::Path::SameVolume (base\reset\util\src\filesystem.cpp:774): Failed to look up volume GUID for [\\?\GLOBALROOT\device\harddisk0\partition2\][gle=0x000003ed]
2026-05-20 19:04:27, Error                        0x800703ed in PushButtonReset::Path::SameVolume (base\reset\util\src\filesystem.cpp:774): Failed to look up volume GUID for [\\?\GLOBALROOT\device\harddisk0\partition2\][gle=0x000003ed]
2026-05-20 19:04:27, Error                        0x800703ed in PushButtonReset::Path::SameVolume (base\reset\util\src\filesystem.cpp:774): Failed to look up volume GUID for [\\?\GLOBALROOT\device\harddisk0\partition2\][gle=0x000003ed]
2026-05-20 19:04:27, Error                        0x800703ed in PushButtonReset::Path::SameVolume (base\reset\util\src\filesystem.cpp:774): Failed to look up volume GUID for [\\?\GLOBALROOT\device\harddisk0\partition2\][gle=0x000003ed]
2026-05-20 19:04:27, Error                        0x800703ed in PushButtonReset::Path::SameVolume (base\reset\util\src\filesystem.cpp:774): Failed to look up volume GUID for [\\?\GLOBALROOT\device\harddisk0\partition2\][gle=0x000003ed]
2026-05-20 19:04:27, Error                        0x800703ed in PushButtonReset::Path::SameVolume (base\reset\util\src\filesystem.cpp:774): Failed to look up volume GUID for [\\?\GLOBALROOT\device\harddisk0\partition2\][gle=0x000003ed]
2026-05-20 19:04:27, Error                        0x800703ed in PushButtonReset::Path::SameVolume (base\reset\util\src\filesystem.cpp:774): Failed to look up volume GUID for [\\?\GLOBALROOT\device\harddisk0\partition2\][gle=0x000003ed]
2026-05-20 19:04:27, Error                        0x800703ed in PushButtonReset::Path::SameVolume (base\reset\util\src\filesystem.cpp:774): Failed to look up volume GUID for [\\?\GLOBALROOT\device\harddisk0\partition2\][gle=0x000003ed]
2026-05-20 19:04:27, Error                        0x800703ed in PushButtonReset::Path::SameVolume (base\reset\util\src\filesystem.cpp:774): Failed to look up volume GUID for [\\?\GLOBALROOT\device\harddisk0\partition2\][gle=0x000003ed]
2026-05-20 19:04:27, Error                        0x800703ed in PushButtonReset::Path::SameVolume (base\reset\util\src\filesystem.cpp:774): Failed to look up volume GUID for [\\?\GLOBALROOT\device\harddisk0\partition2\][gle=0x000003ed]
2026-05-20 19:04:27, Error                        0x800703ed in PushButtonReset::Path::SameVolume (base\reset\util\src\filesystem.cpp:774): Failed to look up volume GUID for [\\?\GLOBALROOT\device\harddisk0\partition2\][gle=0x000003ed]
2026-05-20 19:04:27, Error                        0x800703ed in PushButtonReset::Path::SameVolume (base\reset\util\src\filesystem.cpp:774): Failed to look up volume GUID for [\\?\GLOBALROOT\device\harddisk0\partition2\][gle=0x000003ed]
2026-05-20 19:04:27, Error                        0x800703ed in PushButtonReset::Path::SameVolume (base\reset\util\src\filesystem.cpp:774): Failed to look up volume GUID for [\\?\GLOBALROOT\device\harddisk0\partition2\][gle=0x000003ed]
2026-05-20 19:04:27, Error                        0x800703ed in PushButtonReset::Path::SameVolume (base\reset\util\src\filesystem.cpp:774): Failed to look up volume GUID for [\\?\GLOBALROOT\device\harddisk0\partition2\][gle=0x000003ed]
2026-05-20 19:04:27, Error                        0x800703ed in PushButtonReset::Path::SameVolume (base\reset\util\src\filesystem.cpp:774): Failed to look up volume GUID for [\\?\GLOBALROOT\device\harddisk0\partition2\][gle=0x000003ed]
2026-05-20 19:04:27, Error                        0x800703ed in PushButtonReset::Path::SameVolume (base\reset\util\src\filesystem.cpp:774): Failed to look up volume GUID for [\\?\GLOBALROOT\device\harddisk0\partition2\][gle=0x000003ed]
2026-05-20 19:04:27, Error                        0x800703ed in PushButtonReset::Path::SameVolume (base\reset\util\src\filesystem.cpp:774): Failed to look up volume GUID for [\\?\GLOBALROOT\device\harddisk0\partition2\][gle=0x000003ed]
2026-05-20 19:04:27, Error                        0x800703ed in PushButtonReset::Path::SameVolume (base\reset\util\src\filesystem.cpp:774): Failed to look up volume GUID for [\\?\GLOBALROOT\device\harddisk0\partition2\][gle=0x000003ed]
2026-05-20 19:04:27, Error                        0x800703ed in PushButtonReset::Path::SameVolume (base\reset\util\src\filesystem.cpp:774): Failed to look up volume GUID for [\\?\GLOBALROOT\device\harddisk0\partition2\][gle=0x000003ed]
2026-05-20 19:04:28, Error                        0x800703ed in PushButtonReset::Path::SameVolume (base\reset\util\src\filesystem.cpp:774): Failed to look up volume GUID for [\\?\GLOBALROOT\device\harddisk0\partition2\][gle=0x000003ed]
2026-05-20 19:04:28, Error                        0x800703ed in PushButtonReset::Path::SameVolume (base\reset\util\src\filesystem.cpp:774): Failed to look up volume GUID for [\\?\GLOBALROOT\device\harddisk0\partition2\][gle=0x000003ed]
2026-05-20 19:05:25, Error                        0x80070003 in PushButtonReset::RegKey::HasValue (base\reset\util\src\registry.cpp:187): Failed to load subkey at [Microsoft\Windows\Signature][gle=0x00000002]
2026-05-20 19:05:25, Error                        0x80070003 in PbrGetRestoreToBaselineVal (base\reset\engine\scenario\src\sensetargetos.cpp:67): Does not find registry key of PushButtonReset[gle=0x00000002]
2026-05-20 19:05:25, Error                        0x80070002 in PbrGetEnablePreviewBuilds (base\reset\engine\scenario\src\sensetargetos.cpp:894): Unable to get the EnablePreviewBuilds value from the registry[gle=0x00000002]
2026-05-20 19:05:29, Error                        pGetUninstallInterfaceCommon: Failed loading the setupplatform, hr = 0x80070490[gle=0x00000003]
2026-05-20 19:05:30, Error                        0x800703ed in PushButtonReset::Path::SameVolume (base\reset\util\src\filesystem.cpp:774): Failed to look up volume GUID for [\\?\GLOBALROOT\device\harddisk0\partition2\][gle=0x000003ed]
2026-05-20 19:05:30, Error                        0x80070005 in PushButtonReset::Path::AreEqual (base\reset\util\src\filesystem.cpp:834): Failed to open [\\?\C:\hiberfil.sys] for read[gle=0x00000005]
2026-05-20 19:05:30, Error                        0x80070005 in PushButtonReset::Path::IsSubpath (base\reset\util\src\filesystem.cpp:924): Failed to check whether [C:\hiberfil.sys] and [C:\DumpStack.log.tmp] are the same path[gle=0x00000005]
2026-05-20 19:05:30, Error                        0x80070005 in PushButtonReset::Path::AreEqual (base\reset\util\src\filesystem.cpp:834): Failed to open [\\?\C:\hiberfil.sys] for read[gle=0x00000005]
2026-05-20 19:05:30, Error                        0x80070005 in PushButtonReset::Path::IsSubpath (base\reset\util\src\filesystem.cpp:924): Failed to check whether [C:\hiberfil.sys] and [C:\swapfile.sys] are the same path[gle=0x00000005]
2026-05-20 19:05:31, Error                        [sysreset.exe]  (WinRE)WinReIsInstalledOnSystemPartitionInternal() Invalid parameters
2026-05-20 19:05:32, Error                 SP     Failed to enum payload. Error: 0x00000000[gle=0x0000000d]
2026-05-20 19:05:32, Error                 SP     Failed to enum payload. Error: 0x00000000[gle=0x0000000d]
2026-05-20 19:05:32, Error                 SP     Failed to enum payload. Error: 0x00000000[gle=0x0000000d]
2026-05-20 19:17:03, Error                 SP         BFSVC: AddBootmgrLast and PreserveBootOrder options are ignored when custom volume is specified
2026-05-20 19:17:05, Error                 SP         BFSVC: AddBootmgrLast and PreserveBootOrder options are ignored when custom volume is specified
2026-05-20 19:17:06, Error                        Service DiagTrack is not available
2026-05-20 19:18:53, Error                        0x800703ed in PushButtonReset::Path::SameVolume (base\reset\util\src\filesystem.cpp:774): Failed to look up volume GUID for [\\?\GLOBALROOT\device\harddisk0\partition2\][gle=0x000003ed]
2026-05-20 19:19:26, Error                        Failed to get setting SSID_Length. Error: 2[gle=0x00000002]
2026-05-20 19:19:26, Error                        Failed to get length of setting SSID. Error: 0x80070002[gle=0x00000002]
2026-05-20 19:19:26, Error                        Failed to get setting SSID_Length. Error: 2[gle=0x00000002]
2026-05-20 19:19:26, Error                        Failed to get length of setting SSID. Error: 0x80070002[gle=0x00000002]
2026-05-20 19:27:09, Error                        0x800703ed in PushButtonReset::Path::SameVolume (base\reset\util\src\filesystem.cpp:774): Failed to look up volume GUID for [\\?\GLOBALROOT\device\harddisk0\partition2\][gle=0x000003ed]
2026-05-20 19:27:09, Error                        0x800703ed in PushButtonReset::Path::SameVolume (base\reset\util\src\filesystem.cpp:774): Failed to look up volume GUID for [\\?\GLOBALROOT\device\harddisk0\partition2\][gle=0x000003ed]
2026-05-20 19:27:09, Error                        0x800703ed in PushButtonReset::Path::SameVolume (base\reset\util\src\filesystem.cpp:774): Failed to look up volume GUID for [\\?\GLOBALROOT\device\harddisk0\partition2\][gle=0x000003ed]
2026-05-20 19:27:09, Error                        0x800703ed in PushButtonReset::Path::SameVolume (base\reset\util\src\filesystem.cpp:774): Failed to look up volume GUID for [\\?\GLOBALROOT\device\harddisk0\partition2\][gle=0x000003ed]
2026-05-20 19:27:09, Error                        0x800703ed in PushButtonReset::Path::SameVolume (base\reset\util\src\filesystem.cpp:774): Failed to look up volume GUID for [\\?\GLOBALROOT\device\harddisk0\partition2\][gle=0x000003ed]
